The system is: Linux - 3.10.17-yocto-standard-r2 - i686
Compiling the C compiler identification source file "CMakeCCompilerId.c" succeeded.
Compiler: /usr/bin/gcc 
Build flags: 
Id flags: 

The output was:
0


Compilation of the C compiler identification source "CMakeCCompilerId.c" produced "a.out"

The C compiler identification is GNU, found in "/root/BattleHack/homedevice/CMakeFiles/CompilerIdC/a.out"

Compiling the CXX compiler identification source file "CMakeCXXCompilerId.cpp" succeeded.
Compiler: /usr/bin/c++ 
Build flags: 
Id flags: 

The output was:
0


Compilation of the CXX compiler identification source "CMakeCXXCompilerId.cpp" produced "a.out"

The CXX compiler identification is GNU, found in "/root/BattleHack/homedevice/CMakeFiles/CompilerIdCXX/a.out"

Determining if the C compiler works passed with the following output:
Change Dir: /root/BattleHack/homedevice/CMakeFiles/CMakeTmp

Run Build Command:/usr/bin/make "cmTryCompileExec649155585/fast"
/usr/bin/make -f CMakeFiles/cmTryCompileExec649155585.dir/build.make CMakeFiles/cmTryCompileExec649155585.dir/build
make[1]: Entering directory `/root/BattleHack/homedevice/CMakeFiles/CMakeTmp'
/usr/bin/cmake -E cmake_progress_report /root/BattleHack/homedevice/CMakeFiles/CMakeTmp/CMakeFiles 1
Building C object CMakeFiles/cmTryCompileExec649155585.dir/testCCompiler.c.o
/usr/bin/gcc    -o CMakeFiles/cmTryCompileExec649155585.dir/testCCompiler.c.o   -c /root/BattleHack/homedevice/CMakeFiles/CMakeTmp/testCCompiler.c
Linking C executable cmTryCompileExec649155585
/usr/bin/cmake -E cmake_link_script CMakeFiles/cmTryCompileExec649155585.dir/link.txt --verbose=1
/usr/bin/gcc         CMakeFiles/cmTryCompileExec649155585.dir/testCCompiler.c.o  -o cmTryCompileExec649155585 -rdynamic 
make[1]: Leaving directory `/root/BattleHack/homedevice/CMakeFiles/CMakeTmp'


Detecting C compiler ABI info compiled with the following output:
Change Dir: /root/BattleHack/homedevice/CMakeFiles/CMakeTmp

Run Build Command:/usr/bin/make "cmTryCompileExec1146448541/fast"
/usr/bin/make -f CMakeFiles/cmTryCompileExec1146448541.dir/build.make CMakeFiles/cmTryCompileExec1146448541.dir/build
make[1]: Entering directory `/root/BattleHack/homedevice/CMakeFiles/CMakeTmp'
/usr/bin/cmake -E cmake_progress_report /root/BattleHack/homedevice/CMakeFiles/CMakeTmp/CMakeFiles 1
Building C object CMakeFiles/cmTryCompileExec1146448541.dir/CMakeCCompilerABI.c.o
/usr/bin/gcc    -o CMakeFiles/cmTryCompileExec1146448541.dir/CMakeCCompilerABI.c.o   -c /usr/share/cmake-2.8/Modules/CMakeCCompilerABI.c
Linking C executable cmTryCompileExec1146448541
/usr/bin/cmake -E cmake_link_script CMakeFiles/cmTryCompileExec1146448541.dir/link.txt --verbose=1
/usr/bin/gcc       -v CMakeFiles/cmTryCompileExec1146448541.dir/CMakeCCompilerABI.c.o  -o cmTryCompileExec1146448541 -rdynamic  
Using built-in specs.
COLLECT_GCC=/usr/bin/gcc
COLLECT_LTO_WRAPPER=/usr/lib/gcc/i486-linux-gnu/4.7/lto-wrapper
Target: i486-linux-gnu
Configured with: ../src/configure -v --with-pkgversion='Debian 4.7.2-5' --with-bugurl=file:///usr/share/doc/gcc-4.7/README.Bugs --enable-languages=c,c++,go,fortran,objc,obj-c++ --prefix=/usr --program-suffix=-4.7 --enable-shared --enable-linker-build-id --with-system-zlib --libexecdir=/usr/lib --without-included-gettext --enable-threads=posix --with-gxx-include-dir=/usr/include/c++/4.7 --libdir=/usr/lib --enable-nls --with-sysroot=/ --enable-clocale=gnu --enable-libstdcxx-debug --enable-libstdcxx-time=yes --enable-gnu-unique-object --enable-plugin --enable-objc-gc --enable-targets=all --with-arch-32=i586 --with-tune=generic --enable-checking=release --build=i486-linux-gnu --host=i486-linux-gnu --target=i486-linux-gnu
Thread model: posix
gcc version 4.7.2 (Debian 4.7.2-5) 
COMPILER_PATH=/usr/lib/gcc/i486-linux-gnu/4.7/:/usr/lib/gcc/i486-linux-gnu/4.7/:/usr/lib/gcc/i486-linux-gnu/:/usr/lib/gcc/i486-linux-gnu/4.7/:/usr/lib/gcc/i486-linux-gnu/
LIBRARY_PATH=/usr/lib/gcc/i486-linux-gnu/4.7/:/usr/lib/gcc/i486-linux-gnu/4.7/../../../i386-linux-gnu/:/usr/lib/gcc/i486-linux-gnu/4.7/../../../../lib/:/lib/i386-linux-gnu/:/lib/../lib/:/usr/lib/i386-linux-gnu/:/usr/lib/../lib/:/usr/lib/gcc/i486-linux-gnu/4.7/../../../:/lib/:/usr/lib/
COLLECT_GCC_OPTIONS='-v' '-o' 'cmTryCompileExec1146448541' '-rdynamic' '-mtune=generic' '-march=i586'
 /usr/lib/gcc/i486-linux-gnu/4.7/collect2 --sysroot=/ --build-id --no-add-needed --eh-frame-hdr -m elf_i386 --hash-style=both -export-dynamic -dynamic-linker /lib/ld-linux.so.2 -o cmTryCompileExec1146448541 /usr/lib/gcc/i486-linux-gnu/4.7/../../../i386-linux-gnu/crt1.o /usr/lib/gcc/i486-linux-gnu/4.7/../../../i386-linux-gnu/crti.o /usr/lib/gcc/i486-linux-gnu/4.7/crtbegin.o -L/usr/lib/gcc/i486-linux-gnu/4.7 -L/usr/lib/gcc/i486-linux-gnu/4.7/../../../i386-linux-gnu -L/usr/lib/gcc/i486-linux-gnu/4.7/../../../../lib -L/lib/i386-linux-gnu -L/lib/../lib -L/usr/lib/i386-linux-gnu -L/usr/lib/../lib -L/usr/lib/gcc/i486-linux-gnu/4.7/../../.. CMakeFiles/cmTryCompileExec1146448541.dir/CMakeCCompilerABI.c.o -lgcc --as-needed -lgcc_s --no-as-needed -lc -lgcc --as-needed -lgcc_s --no-as-needed /usr/lib/gcc/i486-linux-gnu/4.7/crtend.o /usr/lib/gcc/i486-linux-gnu/4.7/../../../i386-linux-gnu/crtn.o
make[1]: Leaving directory `/root/BattleHack/homedevice/CMakeFiles/CMakeTmp'


Parsed C implicit link information from above output:
  link line regex: [^( *|.*[/\])(ld|ld|collect2)[^/\]*( |$)]
  ignore line: [Change Dir: /root/BattleHack/homedevice/CMakeFiles/CMakeTmp]
  ignore line: []
  ignore line: [Run Build Command:/usr/bin/make "cmTryCompileExec1146448541/fast"]
  ignore line: [/usr/bin/make -f CMakeFiles/cmTryCompileExec1146448541.dir/build.make CMakeFiles/cmTryCompileExec1146448541.dir/build]
  ignore line: [make[1]: Entering directory `/root/BattleHack/homedevice/CMakeFiles/CMakeTmp']
  ignore line: [/usr/bin/cmake -E cmake_progress_report /root/BattleHack/homedevice/CMakeFiles/CMakeTmp/CMakeFiles 1]
  ignore line: [Building C object CMakeFiles/cmTryCompileExec1146448541.dir/CMakeCCompilerABI.c.o]
  ignore line: [/usr/bin/gcc    -o CMakeFiles/cmTryCompileExec1146448541.dir/CMakeCCompilerABI.c.o   -c /usr/share/cmake-2.8/Modules/CMakeCCompilerABI.c]
  ignore line: [Linking C executable cmTryCompileExec1146448541]
  ignore line: [/usr/bin/cmake -E cmake_link_script CMakeFiles/cmTryCompileExec1146448541.dir/link.txt --verbose=1]
  ignore line: [/usr/bin/gcc       -v CMakeFiles/cmTryCompileExec1146448541.dir/CMakeCCompilerABI.c.o  -o cmTryCompileExec1146448541 -rdynamic  ]
  ignore line: [Using built-in specs.]
  ignore line: [COLLECT_GCC=/usr/bin/gcc]
  ignore line: [COLLECT_LTO_WRAPPER=/usr/lib/gcc/i486-linux-gnu/4.7/lto-wrapper]
  ignore line: [Target: i486-linux-gnu]
  ignore line: [Configured with: ../src/configure -v --with-pkgversion='Debian 4.7.2-5' --with-bugurl=file:///usr/share/doc/gcc-4.7/README.Bugs --enable-languages=c,c++,go,fortran,objc,obj-c++ --prefix=/usr --program-suffix=-4.7 --enable-shared --enable-linker-build-id --with-system-zlib --libexecdir=/usr/lib --without-included-gettext --enable-threads=posix --with-gxx-include-dir=/usr/include/c++/4.7 --libdir=/usr/lib --enable-nls --with-sysroot=/ --enable-clocale=gnu --enable-libstdcxx-debug --enable-libstdcxx-time=yes --enable-gnu-unique-object --enable-plugin --enable-objc-gc --enable-targets=all --with-arch-32=i586 --with-tune=generic --enable-checking=release --build=i486-linux-gnu --host=i486-linux-gnu --target=i486-linux-gnu]
  ignore line: [Thread model: posix]
  ignore line: [gcc version 4.7.2 (Debian 4.7.2-5) ]
  ignore line: [COMPILER_PATH=/usr/lib/gcc/i486-linux-gnu/4.7/:/usr/lib/gcc/i486-linux-gnu/4.7/:/usr/lib/gcc/i486-linux-gnu/:/usr/lib/gcc/i486-linux-gnu/4.7/:/usr/lib/gcc/i486-linux-gnu/]
  ignore line: [LIBRARY_PATH=/usr/lib/gcc/i486-linux-gnu/4.7/:/usr/lib/gcc/i486-linux-gnu/4.7/../../../i386-linux-gnu/:/usr/lib/gcc/i486-linux-gnu/4.7/../../../../lib/:/lib/i386-linux-gnu/:/lib/../lib/:/usr/lib/i386-linux-gnu/:/usr/lib/../lib/:/usr/lib/gcc/i486-linux-gnu/4.7/../../../:/lib/:/usr/lib/]
  ignore line: [COLLECT_GCC_OPTIONS='-v' '-o' 'cmTryCompileExec1146448541' '-rdynamic' '-mtune=generic' '-march=i586']
  link line: [ /usr/lib/gcc/i486-linux-gnu/4.7/collect2 --sysroot=/ --build-id --no-add-needed --eh-frame-hdr -m elf_i386 --hash-style=both -export-dynamic -dynamic-linker /lib/ld-linux.so.2 -o cmTryCompileExec1146448541 /usr/lib/gcc/i486-linux-gnu/4.7/../../../i386-linux-gnu/crt1.o /usr/lib/gcc/i486-linux-gnu/4.7/../../../i386-linux-gnu/crti.o /usr/lib/gcc/i486-linux-gnu/4.7/crtbegin.o -L/usr/lib/gcc/i486-linux-gnu/4.7 -L/usr/lib/gcc/i486-linux-gnu/4.7/../../../i386-linux-gnu -L/usr/lib/gcc/i486-linux-gnu/4.7/../../../../lib -L/lib/i386-linux-gnu -L/lib/../lib -L/usr/lib/i386-linux-gnu -L/usr/lib/../lib -L/usr/lib/gcc/i486-linux-gnu/4.7/../../.. CMakeFiles/cmTryCompileExec1146448541.dir/CMakeCCompilerABI.c.o -lgcc --as-needed -lgcc_s --no-as-needed -lc -lgcc --as-needed -lgcc_s --no-as-needed /usr/lib/gcc/i486-linux-gnu/4.7/crtend.o /usr/lib/gcc/i486-linux-gnu/4.7/../../../i386-linux-gnu/crtn.o]
    arg [/usr/lib/gcc/i486-linux-gnu/4.7/collect2] ==> ignore
    arg [--sysroot=/] ==> ignore
    arg [--build-id] ==> ignore
    arg [--no-add-needed] ==> ignore
    arg [--eh-frame-hdr] ==> ignore
    arg [-m] ==> ignore
    arg [elf_i386] ==> ignore
    arg [--hash-style=both] ==> ignore
    arg [-export-dynamic] ==> ignore
    arg [-dynamic-linker] ==> ignore
    arg [/lib/ld-linux.so.2] ==> ignore
    arg [-o] ==> ignore
    arg [cmTryCompileExec1146448541] ==> ignore
    arg [/usr/lib/gcc/i486-linux-gnu/4.7/../../../i386-linux-gnu/crt1.o] ==> ignore
    arg [/usr/lib/gcc/i486-linux-gnu/4.7/../../../i386-linux-gnu/crti.o] ==> ignore
    arg [/usr/lib/gcc/i486-linux-gnu/4.7/crtbegin.o] ==> ignore
    arg [-L/usr/lib/gcc/i486-linux-gnu/4.7] ==> dir [/usr/lib/gcc/i486-linux-gnu/4.7]
    arg [-L/usr/lib/gcc/i486-linux-gnu/4.7/../../../i386-linux-gnu] ==> dir [/usr/lib/gcc/i486-linux-gnu/4.7/../../../i386-linux-gnu]
    arg [-L/usr/lib/gcc/i486-linux-gnu/4.7/../../../../lib] ==> dir [/usr/lib/gcc/i486-linux-gnu/4.7/../../../../lib]
    arg [-L/lib/i386-linux-gnu] ==> dir [/lib/i386-linux-gnu]
    arg [-L/lib/../lib] ==> dir [/lib/../lib]
    arg [-L/usr/lib/i386-linux-gnu] ==> dir [/usr/lib/i386-linux-gnu]
    arg [-L/usr/lib/../lib] ==> dir [/usr/lib/../lib]
    arg [-L/usr/lib/gcc/i486-linux-gnu/4.7/../../..] ==> dir [/usr/lib/gcc/i486-linux-gnu/4.7/../../..]
    arg [CMakeFiles/cmTryCompileExec1146448541.dir/CMakeCCompilerABI.c.o] ==> ignore
    arg [-lgcc] ==> lib [gcc]
    arg [--as-needed] ==> ignore
    arg [-lgcc_s] ==> lib [gcc_s]
    arg [--no-as-needed] ==> ignore
    arg [-lc] ==> lib [c]
    arg [-lgcc] ==> lib [gcc]
    arg [--as-needed] ==> ignore
    arg [-lgcc_s] ==> lib [gcc_s]
    arg [--no-as-needed] ==> ignore
    arg [/usr/lib/gcc/i486-linux-gnu/4.7/crtend.o] ==> ignore
    arg [/usr/lib/gcc/i486-linux-gnu/4.7/../../../i386-linux-gnu/crtn.o] ==> ignore
  remove lib [gcc]
  remove lib [gcc_s]
  remove lib [gcc]
  remove lib [gcc_s]
  collapse dir [/usr/lib/gcc/i486-linux-gnu/4.7] ==> [/usr/lib/gcc/i486-linux-gnu/4.7]
  collapse dir [/usr/lib/gcc/i486-linux-gnu/4.7/../../../i386-linux-gnu] ==> [/usr/lib/i386-linux-gnu]
  collapse dir [/usr/lib/gcc/i486-linux-gnu/4.7/../../../../lib] ==> [/usr/lib]
  collapse dir [/lib/i386-linux-gnu] ==> [/lib/i386-linux-gnu]
  collapse dir [/lib/../lib] ==> [/lib]
  collapse dir [/usr/lib/i386-linux-gnu] ==> [/usr/lib/i386-linux-gnu]
  collapse dir [/usr/lib/../lib] ==> [/usr/lib]
  collapse dir [/usr/lib/gcc/i486-linux-gnu/4.7/../../..] ==> [/usr/lib]
  implicit libs: [c]
  implicit dirs: [/usr/lib/gcc/i486-linux-gnu/4.7;/usr/lib/i386-linux-gnu;/usr/lib;/lib/i386-linux-gnu;/lib]


Determining if the CXX compiler works passed with the following output:
Change Dir: /root/BattleHack/homedevice/CMakeFiles/CMakeTmp

Run Build Command:/usr/bin/make "cmTryCompileExec2966397963/fast"
/usr/bin/make -f CMakeFiles/cmTryCompileExec2966397963.dir/build.make CMakeFiles/cmTryCompileExec2966397963.dir/build
make[1]: Entering directory `/root/BattleHack/homedevice/CMakeFiles/CMakeTmp'
/usr/bin/cmake -E cmake_progress_report /root/BattleHack/homedevice/CMakeFiles/CMakeTmp/CMakeFiles 1
Building CXX object CMakeFiles/cmTryCompileExec2966397963.dir/testCXXCompiler.cxx.o
/usr/bin/c++     -o CMakeFiles/cmTryCompileExec2966397963.dir/testCXXCompiler.cxx.o -c /root/BattleHack/homedevice/CMakeFiles/CMakeTmp/testCXXCompiler.cxx
Linking CXX executable cmTryCompileExec2966397963
/usr/bin/cmake -E cmake_link_script CMakeFiles/cmTryCompileExec2966397963.dir/link.txt --verbose=1
/usr/bin/c++          CMakeFiles/cmTryCompileExec2966397963.dir/testCXXCompiler.cxx.o  -o cmTryCompileExec2966397963 -rdynamic 
make[1]: Leaving directory `/root/BattleHack/homedevice/CMakeFiles/CMakeTmp'


Detecting CXX compiler ABI info compiled with the following output:
Change Dir: /root/BattleHack/homedevice/CMakeFiles/CMakeTmp

Run Build Command:/usr/bin/make "cmTryCompileExec1528250428/fast"
/usr/bin/make -f CMakeFiles/cmTryCompileExec1528250428.dir/build.make CMakeFiles/cmTryCompileExec1528250428.dir/build
make[1]: Entering directory `/root/BattleHack/homedevice/CMakeFiles/CMakeTmp'
/usr/bin/cmake -E cmake_progress_report /root/BattleHack/homedevice/CMakeFiles/CMakeTmp/CMakeFiles 1
Building CXX object CMakeFiles/cmTryCompileExec1528250428.dir/CMakeCXXCompilerABI.cpp.o
/usr/bin/c++     -o CMakeFiles/cmTryCompileExec1528250428.dir/CMakeCXXCompilerABI.cpp.o -c /usr/share/cmake-2.8/Modules/CMakeCXXCompilerABI.cpp
Linking CXX executable cmTryCompileExec1528250428
/usr/bin/cmake -E cmake_link_script CMakeFiles/cmTryCompileExec1528250428.dir/link.txt --verbose=1
/usr/bin/c++        -v CMakeFiles/cmTryCompileExec1528250428.dir/CMakeCXXCompilerABI.cpp.o  -o cmTryCompileExec1528250428 -rdynamic  
Using built-in specs.
COLLECT_GCC=/usr/bin/c++
COLLECT_LTO_WRAPPER=/usr/lib/gcc/i486-linux-gnu/4.7/lto-wrapper
Target: i486-linux-gnu
Configured with: ../src/configure -v --with-pkgversion='Debian 4.7.2-5' --with-bugurl=file:///usr/share/doc/gcc-4.7/README.Bugs --enable-languages=c,c++,go,fortran,objc,obj-c++ --prefix=/usr --program-suffix=-4.7 --enable-shared --enable-linker-build-id --with-system-zlib --libexecdir=/usr/lib --without-included-gettext --enable-threads=posix --with-gxx-include-dir=/usr/include/c++/4.7 --libdir=/usr/lib --enable-nls --with-sysroot=/ --enable-clocale=gnu --enable-libstdcxx-debug --enable-libstdcxx-time=yes --enable-gnu-unique-object --enable-plugin --enable-objc-gc --enable-targets=all --with-arch-32=i586 --with-tune=generic --enable-checking=release --build=i486-linux-gnu --host=i486-linux-gnu --target=i486-linux-gnu
Thread model: posix
gcc version 4.7.2 (Debian 4.7.2-5) 
COMPILER_PATH=/usr/lib/gcc/i486-linux-gnu/4.7/:/usr/lib/gcc/i486-linux-gnu/4.7/:/usr/lib/gcc/i486-linux-gnu/:/usr/lib/gcc/i486-linux-gnu/4.7/:/usr/lib/gcc/i486-linux-gnu/
LIBRARY_PATH=/usr/lib/gcc/i486-linux-gnu/4.7/:/usr/lib/gcc/i486-linux-gnu/4.7/../../../i386-linux-gnu/:/usr/lib/gcc/i486-linux-gnu/4.7/../../../../lib/:/lib/i386-linux-gnu/:/lib/../lib/:/usr/lib/i386-linux-gnu/:/usr/lib/../lib/:/usr/lib/gcc/i486-linux-gnu/4.7/../../../:/lib/:/usr/lib/
COLLECT_GCC_OPTIONS='-v' '-o' 'cmTryCompileExec1528250428' '-rdynamic' '-shared-libgcc' '-mtune=generic' '-march=i586'
 /usr/lib/gcc/i486-linux-gnu/4.7/collect2 --sysroot=/ --build-id --no-add-needed --eh-frame-hdr -m elf_i386 --hash-style=both -export-dynamic -dynamic-linker /lib/ld-linux.so.2 -o cmTryCompileExec1528250428 /usr/lib/gcc/i486-linux-gnu/4.7/../../../i386-linux-gnu/crt1.o /usr/lib/gcc/i486-linux-gnu/4.7/../../../i386-linux-gnu/crti.o /usr/lib/gcc/i486-linux-gnu/4.7/crtbegin.o -L/usr/lib/gcc/i486-linux-gnu/4.7 -L/usr/lib/gcc/i486-linux-gnu/4.7/../../../i386-linux-gnu -L/usr/lib/gcc/i486-linux-gnu/4.7/../../../../lib -L/lib/i386-linux-gnu -L/lib/../lib -L/usr/lib/i386-linux-gnu -L/usr/lib/../lib -L/usr/lib/gcc/i486-linux-gnu/4.7/../../.. CMakeFiles/cmTryCompileExec1528250428.dir/CMakeCXXCompilerABI.cpp.o -lstdc++ -lm -lgcc_s -lgcc -lc -lgcc_s -lgcc /usr/lib/gcc/i486-linux-gnu/4.7/crtend.o /usr/lib/gcc/i486-linux-gnu/4.7/../../../i386-linux-gnu/crtn.o
make[1]: Leaving directory `/root/BattleHack/homedevice/CMakeFiles/CMakeTmp'


Parsed CXX implicit link information from above output:
  link line regex: [^( *|.*[/\])(ld|ld|collect2)[^/\]*( |$)]
  ignore line: [Change Dir: /root/BattleHack/homedevice/CMakeFiles/CMakeTmp]
  ignore line: []
  ignore line: [Run Build Command:/usr/bin/make "cmTryCompileExec1528250428/fast"]
  ignore line: [/usr/bin/make -f CMakeFiles/cmTryCompileExec1528250428.dir/build.make CMakeFiles/cmTryCompileExec1528250428.dir/build]
  ignore line: [make[1]: Entering directory `/root/BattleHack/homedevice/CMakeFiles/CMakeTmp']
  ignore line: [/usr/bin/cmake -E cmake_progress_report /root/BattleHack/homedevice/CMakeFiles/CMakeTmp/CMakeFiles 1]
  ignore line: [Building CXX object CMakeFiles/cmTryCompileExec1528250428.dir/CMakeCXXCompilerABI.cpp.o]
  ignore line: [/usr/bin/c++     -o CMakeFiles/cmTryCompileExec1528250428.dir/CMakeCXXCompilerABI.cpp.o -c /usr/share/cmake-2.8/Modules/CMakeCXXCompilerABI.cpp]
  ignore line: [Linking CXX executable cmTryCompileExec1528250428]
  ignore line: [/usr/bin/cmake -E cmake_link_script CMakeFiles/cmTryCompileExec1528250428.dir/link.txt --verbose=1]
  ignore line: [/usr/bin/c++        -v CMakeFiles/cmTryCompileExec1528250428.dir/CMakeCXXCompilerABI.cpp.o  -o cmTryCompileExec1528250428 -rdynamic  ]
  ignore line: [Using built-in specs.]
  ignore line: [COLLECT_GCC=/usr/bin/c++]
  ignore line: [COLLECT_LTO_WRAPPER=/usr/lib/gcc/i486-linux-gnu/4.7/lto-wrapper]
  ignore line: [Target: i486-linux-gnu]
  ignore line: [Configured with: ../src/configure -v --with-pkgversion='Debian 4.7.2-5' --with-bugurl=file:///usr/share/doc/gcc-4.7/README.Bugs --enable-languages=c,c++,go,fortran,objc,obj-c++ --prefix=/usr --program-suffix=-4.7 --enable-shared --enable-linker-build-id --with-system-zlib --libexecdir=/usr/lib --without-included-gettext --enable-threads=posix --with-gxx-include-dir=/usr/include/c++/4.7 --libdir=/usr/lib --enable-nls --with-sysroot=/ --enable-clocale=gnu --enable-libstdcxx-debug --enable-libstdcxx-time=yes --enable-gnu-unique-object --enable-plugin --enable-objc-gc --enable-targets=all --with-arch-32=i586 --with-tune=generic --enable-checking=release --build=i486-linux-gnu --host=i486-linux-gnu --target=i486-linux-gnu]
  ignore line: [Thread model: posix]
  ignore line: [gcc version 4.7.2 (Debian 4.7.2-5) ]
  ignore line: [COMPILER_PATH=/usr/lib/gcc/i486-linux-gnu/4.7/:/usr/lib/gcc/i486-linux-gnu/4.7/:/usr/lib/gcc/i486-linux-gnu/:/usr/lib/gcc/i486-linux-gnu/4.7/:/usr/lib/gcc/i486-linux-gnu/]
  ignore line: [LIBRARY_PATH=/usr/lib/gcc/i486-linux-gnu/4.7/:/usr/lib/gcc/i486-linux-gnu/4.7/../../../i386-linux-gnu/:/usr/lib/gcc/i486-linux-gnu/4.7/../../../../lib/:/lib/i386-linux-gnu/:/lib/../lib/:/usr/lib/i386-linux-gnu/:/usr/lib/../lib/:/usr/lib/gcc/i486-linux-gnu/4.7/../../../:/lib/:/usr/lib/]
  ignore line: [COLLECT_GCC_OPTIONS='-v' '-o' 'cmTryCompileExec1528250428' '-rdynamic' '-shared-libgcc' '-mtune=generic' '-march=i586']
  link line: [ /usr/lib/gcc/i486-linux-gnu/4.7/collect2 --sysroot=/ --build-id --no-add-needed --eh-frame-hdr -m elf_i386 --hash-style=both -export-dynamic -dynamic-linker /lib/ld-linux.so.2 -o cmTryCompileExec1528250428 /usr/lib/gcc/i486-linux-gnu/4.7/../../../i386-linux-gnu/crt1.o /usr/lib/gcc/i486-linux-gnu/4.7/../../../i386-linux-gnu/crti.o /usr/lib/gcc/i486-linux-gnu/4.7/crtbegin.o -L/usr/lib/gcc/i486-linux-gnu/4.7 -L/usr/lib/gcc/i486-linux-gnu/4.7/../../../i386-linux-gnu -L/usr/lib/gcc/i486-linux-gnu/4.7/../../../../lib -L/lib/i386-linux-gnu -L/lib/../lib -L/usr/lib/i386-linux-gnu -L/usr/lib/../lib -L/usr/lib/gcc/i486-linux-gnu/4.7/../../.. CMakeFiles/cmTryCompileExec1528250428.dir/CMakeCXXCompilerABI.cpp.o -lstdc++ -lm -lgcc_s -lgcc -lc -lgcc_s -lgcc /usr/lib/gcc/i486-linux-gnu/4.7/crtend.o /usr/lib/gcc/i486-linux-gnu/4.7/../../../i386-linux-gnu/crtn.o]
    arg [/usr/lib/gcc/i486-linux-gnu/4.7/collect2] ==> ignore
    arg [--sysroot=/] ==> ignore
    arg [--build-id] ==> ignore
    arg [--no-add-needed] ==> ignore
    arg [--eh-frame-hdr] ==> ignore
    arg [-m] ==> ignore
    arg [elf_i386] ==> ignore
    arg [--hash-style=both] ==> ignore
    arg [-export-dynamic] ==> ignore
    arg [-dynamic-linker] ==> ignore
    arg [/lib/ld-linux.so.2] ==> ignore
    arg [-o] ==> ignore
    arg [cmTryCompileExec1528250428] ==> ignore
    arg [/usr/lib/gcc/i486-linux-gnu/4.7/../../../i386-linux-gnu/crt1.o] ==> ignore
    arg [/usr/lib/gcc/i486-linux-gnu/4.7/../../../i386-linux-gnu/crti.o] ==> ignore
    arg [/usr/lib/gcc/i486-linux-gnu/4.7/crtbegin.o] ==> ignore
    arg [-L/usr/lib/gcc/i486-linux-gnu/4.7] ==> dir [/usr/lib/gcc/i486-linux-gnu/4.7]
    arg [-L/usr/lib/gcc/i486-linux-gnu/4.7/../../../i386-linux-gnu] ==> dir [/usr/lib/gcc/i486-linux-gnu/4.7/../../../i386-linux-gnu]
    arg [-L/usr/lib/gcc/i486-linux-gnu/4.7/../../../../lib] ==> dir [/usr/lib/gcc/i486-linux-gnu/4.7/../../../../lib]
    arg [-L/lib/i386-linux-gnu] ==> dir [/lib/i386-linux-gnu]
    arg [-L/lib/../lib] ==> dir [/lib/../lib]
    arg [-L/usr/lib/i386-linux-gnu] ==> dir [/usr/lib/i386-linux-gnu]
    arg [-L/usr/lib/../lib] ==> dir [/usr/lib/../lib]
    arg [-L/usr/lib/gcc/i486-linux-gnu/4.7/../../..] ==> dir [/usr/lib/gcc/i486-linux-gnu/4.7/../../..]
    arg [CMakeFiles/cmTryCompileExec1528250428.dir/CMakeCXXCompilerABI.cpp.o] ==> ignore
    arg [-lstdc++] ==> lib [stdc++]
    arg [-lm] ==> lib [m]
    arg [-lgcc_s] ==> lib [gcc_s]
    arg [-lgcc] ==> lib [gcc]
    arg [-lc] ==> lib [c]
    arg [-lgcc_s] ==> lib [gcc_s]
    arg [-lgcc] ==> lib [gcc]
    arg [/usr/lib/gcc/i486-linux-gnu/4.7/crtend.o] ==> ignore
    arg [/usr/lib/gcc/i486-linux-gnu/4.7/../../../i386-linux-gnu/crtn.o] ==> ignore
  remove lib [gcc_s]
  remove lib [gcc]
  remove lib [gcc_s]
  remove lib [gcc]
  collapse dir [/usr/lib/gcc/i486-linux-gnu/4.7] ==> [/usr/lib/gcc/i486-linux-gnu/4.7]
  collapse dir [/usr/lib/gcc/i486-linux-gnu/4.7/../../../i386-linux-gnu] ==> [/usr/lib/i386-linux-gnu]
  collapse dir [/usr/lib/gcc/i486-linux-gnu/4.7/../../../../lib] ==> [/usr/lib]
  collapse dir [/lib/i386-linux-gnu] ==> [/lib/i386-linux-gnu]
  collapse dir [/lib/../lib] ==> [/lib]
  collapse dir [/usr/lib/i386-linux-gnu] ==> [/usr/lib/i386-linux-gnu]
  collapse dir [/usr/lib/../lib] ==> [/usr/lib]
  collapse dir [/usr/lib/gcc/i486-linux-gnu/4.7/../../..] ==> [/usr/lib]
  implicit libs: [stdc++;m;c]
  implicit dirs: [/usr/lib/gcc/i486-linux-gnu/4.7;/usr/lib/i386-linux-gnu;/usr/lib;/lib/i386-linux-gnu;/lib]


Determining if files pthread.h exist passed with the following output:
Change Dir: /root/BattleHack/homedevice/CMakeFiles/CMakeTmp

Run Build Command:/usr/bin/make "cmTryCompileExec3264858908/fast"
/usr/bin/make -f CMakeFiles/cmTryCompileExec3264858908.dir/build.make CMakeFiles/cmTryCompileExec3264858908.dir/build
make[1]: Entering directory `/root/BattleHack/homedevice/CMakeFiles/CMakeTmp'
/usr/bin/cmake -E cmake_progress_report /root/BattleHack/homedevice/CMakeFiles/CMakeTmp/CMakeFiles 1
Building C object CMakeFiles/cmTryCompileExec3264858908.dir/CheckIncludeFiles.c.o
/usr/bin/gcc    -o CMakeFiles/cmTryCompileExec3264858908.dir/CheckIncludeFiles.c.o   -c /root/BattleHack/homedevice/CMakeFiles/CMakeTmp/CheckIncludeFiles.c
Linking C executable cmTryCompileExec3264858908
/usr/bin/cmake -E cmake_link_script CMakeFiles/cmTryCompileExec3264858908.dir/link.txt --verbose=1
/usr/bin/gcc         CMakeFiles/cmTryCompileExec3264858908.dir/CheckIncludeFiles.c.o  -o cmTryCompileExec3264858908 -rdynamic 
make[1]: Leaving directory `/root/BattleHack/homedevice/CMakeFiles/CMakeTmp'


Determining if the function pthread_create exists in the pthread passed with the following output:
Change Dir: /root/BattleHack/homedevice/CMakeFiles/CMakeTmp

Run Build Command:/usr/bin/make "cmTryCompileExec3138442850/fast"
/usr/bin/make -f CMakeFiles/cmTryCompileExec3138442850.dir/build.make CMakeFiles/cmTryCompileExec3138442850.dir/build
make[1]: Entering directory `/root/BattleHack/homedevice/CMakeFiles/CMakeTmp'
/usr/bin/cmake -E cmake_progress_report /root/BattleHack/homedevice/CMakeFiles/CMakeTmp/CMakeFiles 1
Building C object CMakeFiles/cmTryCompileExec3138442850.dir/CheckFunctionExists.c.o
/usr/bin/gcc   -DCHECK_FUNCTION_EXISTS=pthread_create   -o CMakeFiles/cmTryCompileExec3138442850.dir/CheckFunctionExists.c.o   -c /usr/share/cmake-2.8/Modules/CheckFunctionExists.c
Linking C executable cmTryCompileExec3138442850
/usr/bin/cmake -E cmake_link_script CMakeFiles/cmTryCompileExec3138442850.dir/link.txt --verbose=1
/usr/bin/gcc     -DCHECK_FUNCTION_EXISTS=pthread_create    CMakeFiles/cmTryCompileExec3138442850.dir/CheckFunctionExists.c.o  -o cmTryCompileExec3138442850 -rdynamic -lpthread 
make[1]: Leaving directory `/root/BattleHack/homedevice/CMakeFiles/CMakeTmp'


